<?xml version="1.0" encoding="UTF-8"?>
<testng-results skipped="0" failed="0" total="1" passed="1">
  <reporter-output>
  </reporter-output>
  <suite name="Default suite" duration-ms="25286" started-at="2018-01-30T20:36:35Z" finished-at="2018-01-30T20:37:01Z">
    <groups>
    </groups>
    <test name="Default test" duration-ms="25286" started-at="2018-01-30T20:36:35Z" finished-at="2018-01-30T20:37:01Z">
      <class name="config.TestConfig">
        <test-method status="PASS" signature="starTest()[pri:0, instance:config.TestConfig@7dc7cbad]" name="starTest" duration-ms="25271" started-at="2018-01-30T14:36:35Z" finished-at="2018-01-30T14:37:01Z">
          <reporter-output>
          </reporter-output>
        </test-method> <!-- starTest -->
      </class> <!-- config.TestConfig -->
    </test> <!-- Default test -->
  </suite> <!-- Default suite -->
</testng-results>
